0 verbose cli /data/data/com.termux/files/usr/bin/node /data/data/com.termux/files/usr/bin/npm
1 info using npm@11.4.2
2 info using node@v24.4.1
3 silly config load:file:/data/data/com.termux/files/usr/lib/node_modules/npm/npmrc
4 silly config load:file:/data/data/com.termux/files/home/.npmrc
5 silly config load:file:/data/data/com.termux/files/usr/etc/npmrc
6 verbose title npm install code-server
7 verbose argv "install" "--global" "code-server"
8 verbose logfile logs-max:10 dir:/data/data/com.termux/files/home/.npm/_logs/2025-07-21T02_53_27_149Z-
9 verbose logfile /data/data/com.termux/files/home/.npm/_logs/2025-07-21T02_53_27_149Z-debug-0.log
10 silly packumentCache heap:1093402624 maxSize:273350656 maxEntrySize:136675328
11 silly logfile done cleaning log files
12 silly idealTree buildDeps
13 silly fetch manifest code-server@*
14 silly packumentCache full:https://registry.npmjs.org/code-server cache-miss
15 http fetch GET 200 https://registry.npmjs.org/code-server 2787ms (cache miss)
16 silly packumentCache full:https://registry.npmjs.org/code-server set size:undefined disposed:false
17 silly placeDep ROOT code-server@4.3.0 OK for:  want: *
18 silly fetch manifest qs@6.10.3
19 silly packumentCache full:https://registry.npmjs.org/qs cache-miss
20 silly fetch manifest ws@^8.0.0
21 silly packumentCache full:https://registry.npmjs.org/ws cache-miss
22 silly fetch manifest pem@^1.14.2
23 silly packumentCache full:https://registry.npmjs.org/pem cache-miss
24 silly fetch manifest yarn@^1.22.4
25 silly packumentCache full:https://registry.npmjs.org/yarn cache-miss
26 silly fetch manifest argon2@^0.28.0
27 silly packumentCache full:https://registry.npmjs.org/argon2 cache-miss
28 silly fetch manifest semver@^7.1.3
29 silly packumentCache full:https://registry.npmjs.org/semver cache-miss
30 silly fetch manifest split2@^4.0.0
31 silly packumentCache full:https://registry.npmjs.org/split2 cache-miss
32 http fetch GET 200 https://registry.npmjs.org/qs 1431ms (cache miss)
33 silly packumentCache full:https://registry.npmjs.org/qs set size:undefined disposed:false
34 silly fetch manifest express@5.0.0-alpha.8
35 silly packumentCache full:https://registry.npmjs.org/express cache-miss
36 http fetch GET 200 https://registry.npmjs.org/split2 1539ms (cache miss)
37 silly packumentCache full:https://registry.npmjs.org/split2 set size:undefined disposed:false
38 silly fetch manifest js-yaml@^4.0.0
39 silly packumentCache full:https://registry.npmjs.org/js-yaml cache-miss
40 http fetch GET 200 https://registry.npmjs.org/pem 1779ms (cache miss)
41 silly packumentCache full:https://registry.npmjs.org/pem set size:undefined disposed:false
42 silly fetch manifest limiter@^1.1.5
43 silly packumentCache full:https://registry.npmjs.org/limiter cache-miss
44 http fetch GET 200 https://registry.npmjs.org/argon2 1882ms (cache miss)
45 silly packumentCache full:https://registry.npmjs.org/argon2 set size:undefined disposed:false
46 silly fetch manifest env-paths@^2.2.0
47 silly packumentCache full:https://registry.npmjs.org/env-paths cache-miss
48 http fetch GET 200 https://registry.npmjs.org/semver 1924ms (cache miss)
49 silly packumentCache full:https://registry.npmjs.org/semver set size:undefined disposed:false
50 silly fetch manifest http-proxy@^1.18.0
51 silly packumentCache full:https://registry.npmjs.org/http-proxy cache-miss
52 http fetch GET 200 https://registry.npmjs.org/yarn 2114ms (cache miss)
53 silly packumentCache full:https://registry.npmjs.org/yarn set size:undefined disposed:false
54 silly fetch manifest compression@^1.7.4
55 silly packumentCache full:https://registry.npmjs.org/compression cache-miss
56 http fetch GET 200 https://registry.npmjs.org/js-yaml 597ms (cache miss)
57 silly packumentCache full:https://registry.npmjs.org/js-yaml set size:undefined disposed:false
58 silly fetch manifest httpolyglot@^0.1.2
59 silly packumentCache full:https://registry.npmjs.org/httpolyglot cache-miss
60 http fetch GET 200 https://registry.npmjs.org/ws 2238ms (cache miss)
61 silly packumentCache full:https://registry.npmjs.org/ws set size:undefined disposed:false
62 silly fetch manifest proxy-agent@^5.0.0
63 silly packumentCache full:https://registry.npmjs.org/proxy-agent cache-miss
64 http fetch GET 200 https://registry.npmjs.org/limiter 593ms (cache miss)
65 silly packumentCache full:https://registry.npmjs.org/limiter set size:undefined disposed:false
66 silly fetch manifest safe-buffer@^5.1.1
67 silly packumentCache full:https://registry.npmjs.org/safe-buffer cache-miss
68 http fetch GET 200 https://registry.npmjs.org/env-paths 509ms (cache miss)
69 silly packumentCache full:https://registry.npmjs.org/env-paths set size:undefined disposed:false
70 silly fetch manifest xdg-basedir@^4.0.0
71 silly packumentCache full:https://registry.npmjs.org/xdg-basedir cache-miss
72 http fetch GET 200 https://registry.npmjs.org/express 1129ms (cache miss)
73 silly packumentCache full:https://registry.npmjs.org/express set size:undefined disposed:false
74 silly fetch manifest safe-compare@^1.1.4
75 silly packumentCache full:https://registry.npmjs.org/safe-compare cache-miss
76 http fetch GET 200 https://registry.npmjs.org/http-proxy 691ms (cache miss)
77 silly packumentCache full:https://registry.npmjs.org/http-proxy set size:undefined disposed:false
78 silly fetch manifest @coder/logger@1.1.16
79 silly packumentCache full:https://registry.npmjs.org/@coder%2flogger cache-miss
80 http fetch GET 200 https://registry.npmjs.org/proxy-agent 477ms (cache miss)
81 silly packumentCache full:https://registry.npmjs.org/proxy-agent set size:undefined disposed:false
82 silly fetch manifest cookie-parser@^1.4.5
83 silly packumentCache full:https://registry.npmjs.org/cookie-parser cache-miss
84 http fetch GET 200 https://registry.npmjs.org/compression 615ms (cache miss)
85 silly packumentCache full:https://registry.npmjs.org/compression set size:undefined disposed:false
86 silly fetch manifest rotating-file-stream@^3.0.0
87 silly packumentCache full:https://registry.npmjs.org/rotating-file-stream cache-miss
88 http fetch GET 200 https://registry.npmjs.org/safe-buffer 421ms (cache miss)
89 silly packumentCache full:https://registry.npmjs.org/safe-buffer set size:undefined disposed:false
90 http fetch GET 200 https://registry.npmjs.org/xdg-basedir 415ms (cache miss)
91 silly packumentCache full:https://registry.npmjs.org/xdg-basedir set size:undefined disposed:false
92 http fetch GET 200 https://registry.npmjs.org/safe-compare 241ms (cache miss)
93 silly packumentCache full:https://registry.npmjs.org/safe-compare set size:undefined disposed:false
94 http fetch GET 200 https://registry.npmjs.org/cookie-parser 205ms (cache miss)
95 silly packumentCache full:https://registry.npmjs.org/cookie-parser set size:undefined disposed:false
96 http fetch GET 200 https://registry.npmjs.org/httpolyglot 809ms (cache miss)
97 silly packumentCache full:https://registry.npmjs.org/httpolyglot set size:undefined disposed:false
98 http fetch GET 200 https://registry.npmjs.org/rotating-file-stream 240ms (cache miss)
99 silly packumentCache full:https://registry.npmjs.org/rotating-file-stream set size:undefined disposed:false
100 http fetch GET 200 https://registry.npmjs.org/@coder%2flogger 1468ms (cache miss)
101 silly packumentCache full:https://registry.npmjs.org/@coder%2flogger set size:undefined disposed:false
102 silly reify moves {}
103 http cache code-server@https://registry.npmjs.org/code-server/-/code-server-4.3.0.tgz 4ms (cache hit)
104 silly tarball no local data for code-server@https://registry.npmjs.org/code-server/-/code-server-4.3.0.tgz. Extracting by manifest.
105 http fetch GET 200 https://registry.npmjs.org/code-server/-/code-server-4.3.0.tgz 19952ms (cache miss)
106 http cache yarn@https://registry.yarnpkg.com/yarn/-/yarn-1.22.11.tgz 4ms (cache hit)
107 http cache ws@https://registry.yarnpkg.com/ws/-/ws-8.2.0.tgz 0ms (cache hit)
108 http cache split2@https://registry.yarnpkg.com/split2/-/split2-4.1.0.tgz 1ms (cache hit)
109 http cache xdg-basedir@https://registry.yarnpkg.com/xdg-basedir/-/xdg-basedir-4.0.0.tgz 1ms (cache hit)
110 http cache semver@https://registry.yarnpkg.com/semver/-/semver-7.3.5.tgz 0ms (cache hit)
111 http cache lru-cache@https://registry.yarnpkg.com/lru-cache/-/lru-cache-6.0.0.tgz 0ms (cache hit)
112 http cache safe-compare@https://registry.yarnpkg.com/safe-compare/-/safe-compare-1.1.4.tgz 0ms (cache hit)
113 http cache rotating-file-stream@https://registry.yarnpkg.com/rotating-file-stream/-/rotating-file-stream-3.0.0.tgz 0ms (cache hit)
114 http cache safe-buffer@https://registry.yarnpkg.com/safe-buffer/-/safe-buffer-5.2.1.tgz 0ms (cache hit)
115 http cache qs@https://registry.yarnpkg.com/qs/-/qs-6.10.3.tgz 0ms (cache hit)
116 http cache proxy-agent@https://registry.yarnpkg.com/proxy-agent/-/proxy-agent-5.0.0.tgz 1ms (cache hit)
117 http cache pem@https://registry.yarnpkg.com/pem/-/pem-1.14.4.tgz 0ms (cache hit)
118 http cache which@https://registry.yarnpkg.com/which/-/which-2.0.2.tgz 0ms (cache hit)
119 http cache limiter@https://registry.yarnpkg.com/limiter/-/limiter-1.1.5.tgz 0ms (cache hit)
120 http cache js-yaml@https://registry.yarnpkg.com/js-yaml/-/js-yaml-4.1.0.tgz 0ms (cache hit)
121 http cache httpolyglot@https://registry.yarnpkg.com/httpolyglot/-/httpolyglot-0.1.2.tgz 0ms (cache hit)
122 http cache http-proxy@https://registry.yarnpkg.com/http-proxy/-/http-proxy-1.18.1.tgz 0ms (cache hit)
123 http cache qs@https://registry.yarnpkg.com/qs/-/qs-6.7.0.tgz 0ms (cache hit)
124 http cache express@https://registry.yarnpkg.com/express/-/express-5.0.0-alpha.8.tgz 1ms (cache hit)
125 http cache debug@https://registry.yarnpkg.com/debug/-/debug-3.1.0.tgz 0ms (cache hit)
126 http cache env-paths@https://registry.yarnpkg.com/env-paths/-/env-paths-2.2.1.tgz 0ms (cache hit)
127 http cache compression@https://registry.yarnpkg.com/compression/-/compression-1.7.4.tgz 0ms (cache hit)
128 http cache cookie-parser@https://registry.yarnpkg.com/cookie-parser/-/cookie-parser-1.4.5.tgz 1ms (cache hit)
129 http cache bytes@https://registry.yarnpkg.com/bytes/-/bytes-3.0.0.tgz 1ms (cache hit)
130 http cache debug@https://registry.yarnpkg.com/debug/-/debug-2.6.9.tgz 0ms (cache hit)
131 http cache argon2@https://registry.yarnpkg.com/argon2/-/argon2-0.28.4.tgz 0ms (cache hit)
132 http cache @coder/logger@https://registry.yarnpkg.com/@coder/logger/-/logger-1.1.16.tgz 0ms (cache hit)
133 silly tarball no local data for yarn@https://registry.yarnpkg.com/yarn/-/yarn-1.22.11.tgz. Extracting by manifest.
134 silly tarball no local data for ws@https://registry.yarnpkg.com/ws/-/ws-8.2.0.tgz. Extracting by manifest.
135 silly tarball no local data for split2@https://registry.yarnpkg.com/split2/-/split2-4.1.0.tgz. Extracting by manifest.
136 silly tarball no local data for xdg-basedir@https://registry.yarnpkg.com/xdg-basedir/-/xdg-basedir-4.0.0.tgz. Extracting by manifest.
137 silly tarball no local data for semver@https://registry.yarnpkg.com/semver/-/semver-7.3.5.tgz. Extracting by manifest.
138 silly tarball no local data for lru-cache@https://registry.yarnpkg.com/lru-cache/-/lru-cache-6.0.0.tgz. Extracting by manifest.
139 silly tarball no local data for safe-compare@https://registry.yarnpkg.com/safe-compare/-/safe-compare-1.1.4.tgz. Extracting by manifest.
140 silly tarball no local data for rotating-file-stream@https://registry.yarnpkg.com/rotating-file-stream/-/rotating-file-stream-3.0.0.tgz. Extracting by manifest.
141 silly tarball no local data for safe-buffer@https://registry.yarnpkg.com/safe-buffer/-/safe-buffer-5.2.1.tgz. Extracting by manifest.
142 silly tarball no local data for qs@https://registry.yarnpkg.com/qs/-/qs-6.10.3.tgz. Extracting by manifest.
143 silly tarball no local data for proxy-agent@https://registry.yarnpkg.com/proxy-agent/-/proxy-agent-5.0.0.tgz. Extracting by manifest.
144 silly tarball no local data for pem@https://registry.yarnpkg.com/pem/-/pem-1.14.4.tgz. Extracting by manifest.
145 silly tarball no local data for which@https://registry.yarnpkg.com/which/-/which-2.0.2.tgz. Extracting by manifest.
146 silly tarball no local data for limiter@https://registry.yarnpkg.com/limiter/-/limiter-1.1.5.tgz. Extracting by manifest.
147 silly tarball no local data for js-yaml@https://registry.yarnpkg.com/js-yaml/-/js-yaml-4.1.0.tgz. Extracting by manifest.
148 silly tarball no local data for httpolyglot@https://registry.yarnpkg.com/httpolyglot/-/httpolyglot-0.1.2.tgz. Extracting by manifest.
149 silly tarball no local data for http-proxy@https://registry.yarnpkg.com/http-proxy/-/http-proxy-1.18.1.tgz. Extracting by manifest.
150 silly tarball no local data for qs@https://registry.yarnpkg.com/qs/-/qs-6.7.0.tgz. Extracting by manifest.
151 silly tarball no local data for express@https://registry.yarnpkg.com/express/-/express-5.0.0-alpha.8.tgz. Extracting by manifest.
152 silly tarball no local data for debug@https://registry.yarnpkg.com/debug/-/debug-3.1.0.tgz. Extracting by manifest.
153 silly tarball no local data for env-paths@https://registry.yarnpkg.com/env-paths/-/env-paths-2.2.1.tgz. Extracting by manifest.
154 silly tarball no local data for compression@https://registry.yarnpkg.com/compression/-/compression-1.7.4.tgz. Extracting by manifest.
155 silly tarball no local data for cookie-parser@https://registry.yarnpkg.com/cookie-parser/-/cookie-parser-1.4.5.tgz. Extracting by manifest.
156 silly tarball no local data for bytes@https://registry.yarnpkg.com/bytes/-/bytes-3.0.0.tgz. Extracting by manifest.
157 silly tarball no local data for debug@https://registry.yarnpkg.com/debug/-/debug-2.6.9.tgz. Extracting by manifest.
158 silly tarball no local data for argon2@https://registry.yarnpkg.com/argon2/-/argon2-0.28.4.tgz. Extracting by manifest.
159 silly tarball no local data for @coder/logger@https://registry.yarnpkg.com/@coder/logger/-/logger-1.1.16.tgz. Extracting by manifest.
160 http fetch GET 200 https://registry.yarnpkg.com/split2/-/split2-4.1.0.tgz 3126ms (cache miss)
161 http fetch GET 200 https://registry.yarnpkg.com/xdg-basedir/-/xdg-basedir-4.0.0.tgz 3182ms (cache miss)
162 http fetch GET 200 https://registry.yarnpkg.com/which/-/which-2.0.2.tgz 3174ms (cache miss)
163 http fetch GET 200 https://registry.yarnpkg.com/safe-compare/-/safe-compare-1.1.4.tgz 3217ms (cache miss)
164 http fetch GET 200 https://registry.yarnpkg.com/env-paths/-/env-paths-2.2.1.tgz 3151ms (cache miss)
165 http fetch GET 200 https://registry.yarnpkg.com/lru-cache/-/lru-cache-6.0.0.tgz 3254ms (cache miss)
166 http fetch GET 200 https://registry.yarnpkg.com/cookie-parser/-/cookie-parser-1.4.5.tgz 3175ms (cache miss)
167 http fetch GET 200 https://registry.yarnpkg.com/bytes/-/bytes-3.0.0.tgz 3240ms (cache miss)
168 http fetch GET 200 https://registry.yarnpkg.com/compression/-/compression-1.7.4.tgz 3327ms (cache miss)
169 http fetch GET 200 https://registry.yarnpkg.com/httpolyglot/-/httpolyglot-0.1.2.tgz 3380ms (cache miss)
170 http fetch GET 200 https://registry.yarnpkg.com/safe-buffer/-/safe-buffer-5.2.1.tgz 3472ms (cache miss)
171 http fetch GET 200 https://registry.yarnpkg.com/rotating-file-stream/-/rotating-file-stream-3.0.0.tgz 3508ms (cache miss)
172 http fetch GET 200 https://registry.yarnpkg.com/limiter/-/limiter-1.1.5.tgz 3481ms (cache miss)
173 http fetch GET 200 https://registry.yarnpkg.com/proxy-agent/-/proxy-agent-5.0.0.tgz 3526ms (cache miss)
174 http fetch GET 200 https://registry.yarnpkg.com/debug/-/debug-3.1.0.tgz 3696ms (cache miss)
175 http fetch GET 200 https://registry.yarnpkg.com/@coder/logger/-/logger-1.1.16.tgz 3668ms (cache miss)
176 http fetch GET 200 https://registry.yarnpkg.com/express/-/express-5.0.0-alpha.8.tgz 3783ms (cache miss)
177 http fetch GET 200 https://registry.yarnpkg.com/debug/-/debug-2.6.9.tgz 3846ms (cache miss)
178 http fetch GET 200 https://registry.yarnpkg.com/argon2/-/argon2-0.28.4.tgz 3844ms (cache miss)
179 http fetch GET 200 https://registry.yarnpkg.com/qs/-/qs-6.7.0.tgz 3918ms (cache miss)
180 http fetch GET 200 https://registry.yarnpkg.com/ws/-/ws-8.2.0.tgz 4049ms (cache miss)
181 http fetch GET 200 https://registry.yarnpkg.com/http-proxy/-/http-proxy-1.18.1.tgz 4022ms (cache miss)
182 http fetch GET 200 https://registry.yarnpkg.com/qs/-/qs-6.10.3.tgz 4145ms (cache miss)
183 http fetch GET 200 https://registry.yarnpkg.com/semver/-/semver-7.3.5.tgz 4308ms (cache miss)
184 http fetch GET 200 https://registry.yarnpkg.com/js-yaml/-/js-yaml-4.1.0.tgz 4313ms (cache miss)
185 http fetch GET 200 https://registry.yarnpkg.com/pem/-/pem-1.14.4.tgz 4760ms (cache miss)
186 http fetch GET 200 https://registry.yarnpkg.com/yarn/-/yarn-1.22.11.tgz 5045ms (cache miss)
187 info run argon2@0.28.4 install node_modules/code-server/node_modules/argon2 node-gyp rebuild
188 info run argon2@0.28.4 install { code: 1, signal: null }
189 verbose stack Error: command failed
189 verbose stack     at promiseSpawn (/data/data/com.termux/files/usr/lib/node_modules/npm/node_modules/@npmcli/promise-spawn/lib/index.js:22:22)
189 verbose stack     at spawnWithShell (/data/data/com.termux/files/usr/lib/node_modules/npm/node_modules/@npmcli/promise-spawn/lib/index.js:124:10)
189 verbose stack     at promiseSpawn (/data/data/com.termux/files/usr/lib/node_modules/npm/node_modules/@npmcli/promise-spawn/lib/index.js:12:12)
189 verbose stack     at runScriptPkg (/data/data/com.termux/files/usr/lib/node_modules/npm/node_modules/@npmcli/run-script/lib/run-script-pkg.js:79:13)
189 verbose stack     at runScript (/data/data/com.termux/files/usr/lib/node_modules/npm/node_modules/@npmcli/run-script/lib/run-script.js:9:12)
189 verbose stack     at /data/data/com.termux/files/usr/lib/node_modules/npm/node_modules/@npmcli/arborist/lib/arborist/rebuild.js:331:17
189 verbose stack     at run (/data/data/com.termux/files/usr/lib/node_modules/npm/node_modules/promise-call-limit/dist/commonjs/index.js:67:22)
189 verbose stack     at /data/data/com.termux/files/usr/lib/node_modules/npm/node_modules/promise-call-limit/dist/commonjs/index.js:84:9
189 verbose stack     at new Promise (<anonymous>)
189 verbose stack     at callLimit (/data/data/com.termux/files/usr/lib/node_modules/npm/node_modules/promise-call-limit/dist/commonjs/index.js:35:69)
190 verbose pkgid argon2@0.28.4
191 error code 1
192 error path /data/data/com.termux/files/usr/lib/node_modules/code-server/node_modules/argon2
193 error command failed
194 error command sh -c node-gyp rebuild
195 silly unfinished npm timer reify 1753066412711
196 silly unfinished npm timer reify:build 1753066446685
197 silly unfinished npm timer build 1753066446691
198 silly unfinished npm timer build:deps 1753066446694
199 silly unfinished npm timer build:run:install 1753066446790
200 silly unfinished npm timer build:run:install:node_modules/code-server/node_modules/argon2 1753066446796
201 verbose cwd /data/data/com.termux/files/home
202 verbose os Linux 5.10.209-android12-9-00498-g49b168c3c825
203 verbose node v24.4.1
204 verbose npm  v11.4.2
205 verbose exit 1
206 verbose code 1
207 error A complete log of this run can be found in: /data/data/com.termux/files/home/.npm/_logs/2025-07-21T02_53_27_149Z-debug-0.log
